
*** Running vivado
    with args -log FFT.vds -m64 -product Vivado -mode batch -messageDb vivado.pb -notrace -source FFT.tcl


****** Vivado v2017.4 (64-bit)
  **** SW Build 2086221 on Fri Dec 15 20:54:30 MST 2017
  **** IP Build 2085800 on Fri Dec 15 22:25:07 MST 2017
    ** Copyright 1986-2017 Xilinx, Inc. All Rights Reserved.

source FFT.tcl -notrace
Command: synth_design -top FFT -part xc7a35tcpg236-1
Starting synth_design
Attempting to get a license for feature 'Synthesis' and/or device 'xc7a35t'
INFO: [Common 17-349] Got license for feature 'Synthesis' and/or device 'xc7a35t'
INFO: Launching helper process for spawning children vivado processes
INFO: Helper process launched with PID 1075 
---------------------------------------------------------------------------------
Starting RTL Elaboration : Time (s): cpu = 00:00:08 ; elapsed = 00:00:09 . Memory (MB): peak = 1261.051 ; gain = 80.992 ; free physical = 114 ; free virtual = 1982
---------------------------------------------------------------------------------
INFO: [Synth 8-638] synthesizing module 'FFT' [/home/parallels/Desktop/ProjetosVivado/PCR_Projeto/PCR_Projeto.srcs/sources_1/new/FFT.vhd:41]
INFO: [Synth 8-3491] module 'xfft_0' declared at '/home/parallels/Desktop/ProjetosVivado/PCR_Projeto/PCR_Projeto.runs/synth_1/.Xil/Vivado-1021-parallels-vm/realtime/xfft_0_stub.v:6' bound to instance 'U1' of component 'xfft_0' [/home/parallels/Desktop/ProjetosVivado/PCR_Projeto/PCR_Projeto.srcs/sources_1/new/FFT.vhd:93]
INFO: [Synth 8-638] synthesizing module 'xfft_0' [/home/parallels/Desktop/ProjetosVivado/PCR_Projeto/PCR_Projeto.runs/synth_1/.Xil/Vivado-1021-parallels-vm/realtime/xfft_0_stub.v:6]
INFO: [Synth 8-256] done synthesizing module 'xfft_0' (1#1) [/home/parallels/Desktop/ProjetosVivado/PCR_Projeto/PCR_Projeto.runs/synth_1/.Xil/Vivado-1021-parallels-vm/realtime/xfft_0_stub.v:6]
WARNING: [Synth 8-3848] Net data_tdata in module/entity FFT does not have driver. [/home/parallels/Desktop/ProjetosVivado/PCR_Projeto/PCR_Projeto.srcs/sources_1/new/FFT.vhd:47]
INFO: [Synth 8-256] done synthesizing module 'FFT' (2#1) [/home/parallels/Desktop/ProjetosVivado/PCR_Projeto/PCR_Projeto.srcs/sources_1/new/FFT.vhd:41]
---------------------------------------------------------------------------------
Finished RTL Elaboration : Time (s): cpu = 00:00:09 ; elapsed = 00:00:10 . Memory (MB): peak = 1302.582 ; gain = 122.523 ; free physical = 166 ; free virtual = 1997
---------------------------------------------------------------------------------

Report Check Netlist: 
+------+------------------+-------+---------+-------+------------------+
|      |Item              |Errors |Warnings |Status |Description       |
+------+------------------+-------+---------+-------+------------------+
|1     |multi_driven_nets |      0|        0|Passed |Multi driven nets |
+------+------------------+-------+---------+-------+------------------+
---------------------------------------------------------------------------------
Finished RTL Optimization Phase 1 : Time (s): cpu = 00:00:09 ; elapsed = 00:00:10 . Memory (MB): peak = 1302.582 ; gain = 122.523 ; free physical = 166 ; free virtual = 1997
---------------------------------------------------------------------------------
INFO: [Device 21-403] Loading part xc7a35tcpg236-1
INFO: [Project 1-570] Preparing netlist for logic optimization

Processing XDC Constraints
Initializing timing engine
Parsing XDC File [/home/parallels/Desktop/ProjetosVivado/PCR_Projeto/PCR_Projeto.runs/synth_1/.Xil/Vivado-1021-parallels-vm/dcp1/xfft_0_in_context.xdc] for cell 'U1'
Finished Parsing XDC File [/home/parallels/Desktop/ProjetosVivado/PCR_Projeto/PCR_Projeto.runs/synth_1/.Xil/Vivado-1021-parallels-vm/dcp1/xfft_0_in_context.xdc] for cell 'U1'
Parsing XDC File [/home/parallels/Desktop/ProjetosVivado/Basys3_Master.xdc]
Finished Parsing XDC File [/home/parallels/Desktop/ProjetosVivado/Basys3_Master.xdc]
Completed Processing XDC Constraints

INFO: [Project 1-111] Unisim Transformation Summary:
No Unisim elements were transformed.

Constraint Validation Runtime : Time (s): cpu = 00:00:00 ; elapsed = 00:00:00 . Memory (MB): peak = 1564.988 ; gain = 0.000 ; free physical = 120 ; free virtual = 1774
---------------------------------------------------------------------------------
Finished Constraint Validation : Time (s): cpu = 00:00:25 ; elapsed = 00:00:38 . Memory (MB): peak = 1564.988 ; gain = 384.930 ; free physical = 186 ; free virtual = 1840
---------------------------------------------------------------------------------
---------------------------------------------------------------------------------
Start Loading Part and Timing Information
---------------------------------------------------------------------------------
Loading part: xc7a35tcpg236-1
---------------------------------------------------------------------------------
Finished Loading Part and Timing Information : Time (s): cpu = 00:00:25 ; elapsed = 00:00:38 . Memory (MB): peak = 1564.988 ; gain = 384.930 ; free physical = 186 ; free virtual = 1840
---------------------------------------------------------------------------------
---------------------------------------------------------------------------------
Start Applying 'set_property' XDC Constraints
---------------------------------------------------------------------------------
Applied set_property DONT_TOUCH = true for U1. (constraint file  auto generated constraint, line ).
---------------------------------------------------------------------------------
Finished applying 'set_property' XDC Constraints : Time (s): cpu = 00:00:25 ; elapsed = 00:00:38 . Memory (MB): peak = 1564.988 ; gain = 384.930 ; free physical = 187 ; free virtual = 1841
---------------------------------------------------------------------------------
---------------------------------------------------------------------------------
Finished RTL Optimization Phase 2 : Time (s): cpu = 00:00:25 ; elapsed = 00:00:38 . Memory (MB): peak = 1564.988 ; gain = 384.930 ; free physical = 187 ; free virtual = 1841
---------------------------------------------------------------------------------

Report RTL Partitions: 
+-+--------------+------------+----------+
| |RTL Partition |Replication |Instances |
+-+--------------+------------+----------+
+-+--------------+------------+----------+
---------------------------------------------------------------------------------
Start RTL Component Statistics 
---------------------------------------------------------------------------------
Detailed RTL Component Info : 
---------------------------------------------------------------------------------
Finished RTL Component Statistics 
---------------------------------------------------------------------------------
---------------------------------------------------------------------------------
Start RTL Hierarchical Component Statistics 
---------------------------------------------------------------------------------
Hierarchical RTL Component report 
---------------------------------------------------------------------------------
Finished RTL Hierarchical Component Statistics
---------------------------------------------------------------------------------
---------------------------------------------------------------------------------
Start Part Resource Summary
---------------------------------------------------------------------------------
Part Resources:
DSPs: 90 (col length:60)
BRAMs: 100 (col length: RAMB18 60 RAMB36 30)
---------------------------------------------------------------------------------
Finished Part Resource Summary
---------------------------------------------------------------------------------
---------------------------------------------------------------------------------
Start Cross Boundary and Area Optimization
---------------------------------------------------------------------------------
---------------------------------------------------------------------------------
Finished Cross Boundary and Area Optimization : Time (s): cpu = 00:00:26 ; elapsed = 00:00:38 . Memory (MB): peak = 1564.988 ; gain = 384.930 ; free physical = 177 ; free virtual = 1832
---------------------------------------------------------------------------------

Report RTL Partitions: 
+-+--------------+------------+----------+
| |RTL Partition |Replication |Instances |
+-+--------------+------------+----------+
+-+--------------+------------+----------+
---------------------------------------------------------------------------------
Start Applying XDC Timing Constraints
---------------------------------------------------------------------------------
---------------------------------------------------------------------------------
Finished Applying XDC Timing Constraints : Time (s): cpu = 00:00:32 ; elapsed = 00:00:48 . Memory (MB): peak = 1584.973 ; gain = 404.914 ; free physical = 117 ; free virtual = 1712
---------------------------------------------------------------------------------
---------------------------------------------------------------------------------
Start Timing Optimization
---------------------------------------------------------------------------------
---------------------------------------------------------------------------------
Finished Timing Optimization : Time (s): cpu = 00:00:32 ; elapsed = 00:00:48 . Memory (MB): peak = 1584.973 ; gain = 404.914 ; free physical = 117 ; free virtual = 1712
---------------------------------------------------------------------------------

Report RTL Partitions: 
+-+--------------+------------+----------+
| |RTL Partition |Replication |Instances |
+-+--------------+------------+----------+
+-+--------------+------------+----------+
---------------------------------------------------------------------------------
Start Technology Mapping
---------------------------------------------------------------------------------
---------------------------------------------------------------------------------
Finished Technology Mapping : Time (s): cpu = 00:00:32 ; elapsed = 00:00:48 . Memory (MB): peak = 1593.988 ; gain = 413.930 ; free physical = 115 ; free virtual = 1711
---------------------------------------------------------------------------------

Report RTL Partitions: 
+-+--------------+------------+----------+
| |RTL Partition |Replication |Instances |
+-+--------------+------------+----------+
+-+--------------+------------+----------+
---------------------------------------------------------------------------------
Start IO Insertion
---------------------------------------------------------------------------------
---------------------------------------------------------------------------------
Start Flattening Before IO Insertion
---------------------------------------------------------------------------------
---------------------------------------------------------------------------------
Finished Flattening Before IO Insertion
---------------------------------------------------------------------------------
---------------------------------------------------------------------------------
Start Final Netlist Cleanup
---------------------------------------------------------------------------------
---------------------------------------------------------------------------------
Finished Final Netlist Cleanup
---------------------------------------------------------------------------------
CRITICAL WARNING: [Synth 8-4442] BlackBox module U1 has unconnected pin s_axis_data_tdata[31]
CRITICAL WARNING: [Synth 8-4442] BlackBox module U1 has unconnected pin s_axis_data_tdata[30]
CRITICAL WARNING: [Synth 8-4442] BlackBox module U1 has unconnected pin s_axis_data_tdata[29]
CRITICAL WARNING: [Synth 8-4442] BlackBox module U1 has unconnected pin s_axis_data_tdata[28]
CRITICAL WARNING: [Synth 8-4442] BlackBox module U1 has unconnected pin s_axis_data_tdata[27]
CRITICAL WARNING: [Synth 8-4442] BlackBox module U1 has unconnected pin s_axis_data_tdata[26]
CRITICAL WARNING: [Synth 8-4442] BlackBox module U1 has unconnected pin s_axis_data_tdata[25]
CRITICAL WARNING: [Synth 8-4442] BlackBox module U1 has unconnected pin s_axis_data_tdata[24]
CRITICAL WARNING: [Synth 8-4442] BlackBox module U1 has unconnected pin s_axis_data_tdata[23]
CRITICAL WARNING: [Synth 8-4442] BlackBox module U1 has unconnected pin s_axis_data_tdata[22]
CRITICAL WARNING: [Synth 8-4442] BlackBox module U1 has unconnected pin s_axis_data_tdata[21]
CRITICAL WARNING: [Synth 8-4442] BlackBox module U1 has unconnected pin s_axis_data_tdata[20]
CRITICAL WARNING: [Synth 8-4442] BlackBox module U1 has unconnected pin s_axis_data_tdata[19]
CRITICAL WARNING: [Synth 8-4442] BlackBox module U1 has unconnected pin s_axis_data_tdata[18]
CRITICAL WARNING: [Synth 8-4442] BlackBox module U1 has unconnected pin s_axis_data_tdata[17]
CRITICAL WARNING: [Synth 8-4442] BlackBox module U1 has unconnected pin s_axis_data_tdata[16]
CRITICAL WARNING: [Synth 8-4442] BlackBox module U1 has unconnected pin s_axis_data_tdata[15]
CRITICAL WARNING: [Synth 8-4442] BlackBox module U1 has unconnected pin s_axis_data_tdata[14]
CRITICAL WARNING: [Synth 8-4442] BlackBox module U1 has unconnected pin s_axis_data_tdata[13]
CRITICAL WARNING: [Synth 8-4442] BlackBox module U1 has unconnected pin s_axis_data_tdata[12]
CRITICAL WARNING: [Synth 8-4442] BlackBox module U1 has unconnected pin s_axis_data_tdata[11]
CRITICAL WARNING: [Synth 8-4442] BlackBox module U1 has unconnected pin s_axis_data_tdata[10]
CRITICAL WARNING: [Synth 8-4442] BlackBox module U1 has unconnected pin s_axis_data_tdata[9]
CRITICAL WARNING: [Synth 8-4442] BlackBox module U1 has unconnected pin s_axis_data_tdata[8]
CRITICAL WARNING: [Synth 8-4442] BlackBox module U1 has unconnected pin s_axis_data_tdata[7]
CRITICAL WARNING: [Synth 8-4442] BlackBox module U1 has unconnected pin s_axis_data_tdata[6]
CRITICAL WARNING: [Synth 8-4442] BlackBox module U1 has unconnected pin s_axis_data_tdata[5]
CRITICAL WARNING: [Synth 8-4442] BlackBox module U1 has unconnected pin s_axis_data_tdata[4]
CRITICAL WARNING: [Synth 8-4442] BlackBox module U1 has unconnected pin s_axis_data_tdata[3]
CRITICAL WARNING: [Synth 8-4442] BlackBox module U1 has unconnected pin s_axis_data_tdata[2]
CRITICAL WARNING: [Synth 8-4442] BlackBox module U1 has unconnected pin s_axis_data_tdata[1]
CRITICAL WARNING: [Synth 8-4442] BlackBox module U1 has unconnected pin s_axis_data_tdata[0]
---------------------------------------------------------------------------------
Finished IO Insertion : Time (s): cpu = 00:00:33 ; elapsed = 00:00:48 . Memory (MB): peak = 1593.988 ; gain = 413.930 ; free physical = 116 ; free virtual = 1712
---------------------------------------------------------------------------------

Report Check Netlist: 
+------+------------------+-------+---------+-------+------------------+
|      |Item              |Errors |Warnings |Status |Description       |
+------+------------------+-------+---------+-------+------------------+
|1     |multi_driven_nets |      0|        0|Passed |Multi driven nets |
+------+------------------+-------+---------+-------+------------------+
---------------------------------------------------------------------------------
Start Renaming Generated Instances
---------------------------------------------------------------------------------
---------------------------------------------------------------------------------
Finished Renaming Generated Instances : Time (s): cpu = 00:00:33 ; elapsed = 00:00:48 . Memory (MB): peak = 1593.988 ; gain = 413.930 ; free physical = 116 ; free virtual = 1712
---------------------------------------------------------------------------------

Report RTL Partitions: 
+-+--------------+------------+----------+
| |RTL Partition |Replication |Instances |
+-+--------------+------------+----------+
+-+--------------+------------+----------+
---------------------------------------------------------------------------------
Start Rebuilding User Hierarchy
---------------------------------------------------------------------------------
---------------------------------------------------------------------------------
Finished Rebuilding User Hierarchy : Time (s): cpu = 00:00:33 ; elapsed = 00:00:48 . Memory (MB): peak = 1593.988 ; gain = 413.930 ; free physical = 116 ; free virtual = 1712
---------------------------------------------------------------------------------
---------------------------------------------------------------------------------
Start Renaming Generated Ports
---------------------------------------------------------------------------------
---------------------------------------------------------------------------------
Finished Renaming Generated Ports : Time (s): cpu = 00:00:33 ; elapsed = 00:00:48 . Memory (MB): peak = 1593.988 ; gain = 413.930 ; free physical = 116 ; free virtual = 1712
---------------------------------------------------------------------------------
---------------------------------------------------------------------------------
Start Handling Custom Attributes
---------------------------------------------------------------------------------
---------------------------------------------------------------------------------
Finished Handling Custom Attributes : Time (s): cpu = 00:00:33 ; elapsed = 00:00:48 . Memory (MB): peak = 1593.988 ; gain = 413.930 ; free physical = 116 ; free virtual = 1712
---------------------------------------------------------------------------------
---------------------------------------------------------------------------------
Start Renaming Generated Nets
---------------------------------------------------------------------------------
---------------------------------------------------------------------------------
Finished Renaming Generated Nets : Time (s): cpu = 00:00:33 ; elapsed = 00:00:48 . Memory (MB): peak = 1593.988 ; gain = 413.930 ; free physical = 116 ; free virtual = 1712
---------------------------------------------------------------------------------
---------------------------------------------------------------------------------
Start Writing Synthesis Report
---------------------------------------------------------------------------------

Report BlackBoxes: 
+------+--------------+----------+
|      |BlackBox name |Instances |
+------+--------------+----------+
|1     |xfft_0        |         1|
+------+--------------+----------+

Report Cell Usage: 
+------+-------+------+
|      |Cell   |Count |
+------+-------+------+
|1     |xfft_0 |     1|
|2     |IBUF   |     2|
|3     |OBUF   |    33|
+------+-------+------+

Report Instance Areas: 
+------+---------+-------+------+
|      |Instance |Module |Cells |
+------+---------+-------+------+
|1     |top      |       |    94|
+------+---------+-------+------+
---------------------------------------------------------------------------------
Finished Writing Synthesis Report : Time (s): cpu = 00:00:33 ; elapsed = 00:00:48 . Memory (MB): peak = 1593.988 ; gain = 413.930 ; free physical = 116 ; free virtual = 1712
---------------------------------------------------------------------------------
Synthesis finished with 0 errors, 32 critical warnings and 0 warnings.
Synthesis Optimization Runtime : Time (s): cpu = 00:00:25 ; elapsed = 00:00:30 . Memory (MB): peak = 1593.988 ; gain = 151.523 ; free physical = 170 ; free virtual = 1766
Synthesis Optimization Complete : Time (s): cpu = 00:00:33 ; elapsed = 00:00:49 . Memory (MB): peak = 1593.996 ; gain = 413.930 ; free physical = 170 ; free virtual = 1766
INFO: [Project 1-571] Translating synthesized netlist
INFO: [Netlist 29-17] Analyzing 2 Unisim elements for replacement
INFO: [Netlist 29-28] Unisim Transformation completed in 0 CPU seconds
INFO: [Project 1-570] Preparing netlist for logic optimization
INFO: [Opt 31-138] Pushed 0 inverter(s) to 0 load pin(s).
INFO: [Project 1-111] Unisim Transformation Summary:
No Unisim elements were transformed.

INFO: [Common 17-83] Releasing license: Synthesis
16 Infos, 1 Warnings, 32 Critical Warnings and 0 Errors encountered.
synth_design completed successfully
synth_design: Time (s): cpu = 00:00:35 ; elapsed = 00:00:51 . Memory (MB): peak = 1598.988 ; gain = 438.035 ; free physical = 159 ; free virtual = 1755
INFO: [Common 17-1381] The checkpoint '/home/parallels/Desktop/ProjetosVivado/PCR_Projeto/PCR_Projeto.runs/synth_1/FFT.dcp' has been generated.
INFO: [runtcl-4] Executing : report_utilization -file FFT_utilization_synth.rpt -pb FFT_utilization_synth.pb
report_utilization: Time (s): cpu = 00:00:00.09 ; elapsed = 00:00:00.15 . Memory (MB): peak = 1598.988 ; gain = 0.000 ; free physical = 156 ; free virtual = 1756
INFO: [Common 17-206] Exiting Vivado at Fri May 17 08:33:42 2019...
