Vivado Simulator 2018.3
Copyright 1986-1999, 2001-2018 Xilinx, Inc. All Rights Reserved.
Running: /home/parallels/Desktop/Downloads/Vivado/2018.3/bin/unwrapped/lnx64.o/xelab -wto fcbee865a67d42c9927ce62b53fad591 --incr --debug typical --relax --mt 8 -L xil_defaultlib -L secureip --snapshot tb_neuron_func_synth xil_defaultlib.tb_neuron -log elaborate.log 
Using 8 slave threads.
Starting static elaboration
Completed static elaboration
Starting simulation data flow analysis
Completed simulation data flow analysis
Time Resolution for simulation is 1ps
Compiling package std.standard
Compiling package std.textio
Compiling package ieee.std_logic_1164
Compiling package ieee.std_logic_textio
Compiling package ieee.std_logic_arith
Compiling package ieee.std_logic_unsigned
Compiling package ieee.numeric_std
Compiling package xil_defaultlib.fpupack
Compiling package unisim.vcomponents
Compiling package ieee.vital_timing
Compiling package ieee.vital_primitives
Compiling package unisim.vpkg
Compiling package ieee.std_logic_signed
Compiling architecture lut3_v of entity unisim.LUT3 [\LUT3(init="11111110")(0,7)\]
Compiling architecture lut6_v of entity unisim.LUT6 [\LUT6(init="10010000000010010000...]
Compiling architecture lut2_v of entity unisim.LUT2 [\LUT2(init="0110")(0,3)\]
Compiling architecture lut3_v of entity unisim.LUT3 [\LUT3(init="10111010")(0,7)\]
Compiling architecture lut2_v of entity unisim.LUT2 [\LUT2(init="1000")(0,3)\]
Compiling architecture fdse_v of entity unisim.FDSE [fdse_default]
Compiling architecture fdre_v of entity unisim.FDRE [fdre_default]
Compiling architecture lut2_v of entity unisim.LUT2 [\LUT2(init="0010")(0,3)\]
Compiling architecture lut4_v of entity unisim.LUT4 [\LUT4(init="0000110000011110")(0...]
Compiling architecture lut4_v of entity unisim.LUT4 [\LUT4(init="1000100111111100")(0...]
Compiling architecture lut4_v of entity unisim.LUT4 [\LUT4(init="1110000010111101")(0...]
Compiling architecture lut4_v of entity unisim.LUT4 [\LUT4(init="0010100000101110")(0...]
Compiling architecture lut4_v of entity unisim.LUT4 [\LUT4(init="0111011100111000")(0...]
Compiling architecture lut4_v of entity unisim.LUT4 [\LUT4(init="0100011101110011")(0...]
Compiling architecture lut4_v of entity unisim.LUT4 [\LUT4(init="0100010001000111")(0...]
Compiling architecture lut2_v of entity unisim.LUT2 [\LUT2(init="1011")(0,3)\]
Compiling architecture lut6_v of entity unisim.LUT6 [\LUT6(init="11111110000000000000...]
Compiling architecture lut6_v of entity unisim.LUT6 [\LUT6(init="00000000000000000000...]
Compiling architecture lut6_v of entity unisim.LUT6 [\LUT6(init="00010001000101010001...]
Compiling architecture lut6_v of entity unisim.LUT6 [\LUT6(init="10001000100010001000...]
Compiling architecture lut6_v of entity unisim.LUT6 [\LUT6(init="10001010100010001000...]
Compiling architecture lut6_v of entity unisim.LUT6 [\LUT6(init="11111111111111111111...]
Compiling architecture lut6_v of entity unisim.LUT6 [\LUT6(init="00000000000000000000...]
Compiling architecture lut5_v of entity unisim.LUT5 [\LUT5(init="11101110111011100000...]
Compiling architecture lut2_v of entity unisim.LUT2 [\LUT2(init="1110")(0,3)\]
Compiling architecture lut6_v of entity unisim.LUT6 [\LUT6(init="11111111111010100000...]
Compiling architecture lut4_v of entity unisim.LUT4 [\LUT4(init="1111111111111000")(0...]
Compiling architecture lut6_v of entity unisim.LUT6 [\LUT6(init="00000000000000000000...]
Compiling architecture lut4_v of entity unisim.LUT4 [\LUT4(init="1011111111111111")(0...]
Compiling architecture lut6_v of entity unisim.LUT6 [\LUT6(init="11111111111111111111...]
Compiling architecture lut6_v of entity unisim.LUT6 [\LUT6(init="11110000000000001110...]
Compiling architecture lut6_v of entity unisim.LUT6 [\LUT6(init="01000100010011110100...]
Compiling architecture lut2_v of entity unisim.LUT2 [\LUT2(init="0111")(0,3)\]
Compiling architecture lut6_v of entity unisim.LUT6 [\LUT6(init="00000000000000000000...]
Compiling architecture lut6_v of entity unisim.LUT6 [\LUT6(init="01010101010101000100...]
Compiling architecture lut5_v of entity unisim.LUT5 [\LUT5(init="00000000000000011111...]
Compiling architecture lut5_v of entity unisim.LUT5 [\LUT5(init="11111111111111111111...]
Compiling architecture lut6_v of entity unisim.LUT6 [\LUT6(init="11111111111111111111...]
Compiling architecture lut6_v of entity unisim.LUT6 [\LUT6(init="00000001000100010001...]
Compiling architecture lut6_v of entity unisim.LUT6 [\LUT6(init="00000000000000000000...]
Compiling architecture lut5_v of entity unisim.LUT5 [\LUT5(init="11100000000000000000...]
Compiling architecture lut6_v of entity unisim.LUT6 [\LUT6(init="11111111111111101111...]
Compiling architecture lut5_v of entity unisim.LUT5 [\LUT5(init="00000000000000000000...]
Compiling architecture lut2_v of entity unisim.LUT2 [\LUT2(init="0001")(0,3)\]
Compiling architecture lut4_v of entity unisim.LUT4 [\LUT4(init="0001111100010001")(0...]
Compiling architecture lut6_v of entity unisim.LUT6 [\LUT6(init="00000000000000000100...]
Compiling architecture lut6_v of entity unisim.LUT6 [\LUT6(init="00000000000000000000...]
Compiling architecture lut4_v of entity unisim.LUT4 [\LUT4(init="0110001011111101")(0...]
Compiling architecture lut4_v of entity unisim.LUT4 [\LUT4(init="0001111111111000")(0...]
Compiling architecture lut4_v of entity unisim.LUT4 [\LUT4(init="0100100011001111")(0...]
Compiling architecture lut4_v of entity unisim.LUT4 [\LUT4(init="0010001110011101")(0...]
Compiling architecture lut4_v of entity unisim.LUT4 [\LUT4(init="1100010101111000")(0...]
Compiling architecture lut4_v of entity unisim.LUT4 [\LUT4(init="0001011101110010")(0...]
Compiling architecture lut4_v of entity unisim.LUT4 [\LUT4(init="1110101101011100")(0...]
Compiling architecture lut4_v of entity unisim.LUT4 [\LUT4(init="0001000101111100")(0...]
Compiling architecture lut6_v of entity unisim.LUT6 [\LUT6(init="11111111111111111010...]
Compiling architecture lut4_v of entity unisim.LUT4 [\LUT4(init="0000000000000001")(0...]
Compiling architecture lut6_v of entity unisim.LUT6 [\LUT6(init="00000000000000000000...]
Compiling architecture lut6_v of entity unisim.LUT6 [\LUT6(init="11111111111111111111...]
Compiling architecture lut6_v of entity unisim.LUT6 [\LUT6(init="00000000000000000000...]
Compiling architecture lut6_v of entity unisim.LUT6 [\LUT6(init="10101010111011111010...]
Compiling architecture lut6_v of entity unisim.LUT6 [\LUT6(init="10111000101110111011...]
Compiling architecture lut6_v of entity unisim.LUT6 [\LUT6(init="10001000100010001000...]
Compiling architecture lut3_v of entity unisim.LUT3 [\LUT3(init="10111000")(0,7)\]
Compiling architecture lut6_v of entity unisim.LUT6 [\LUT6(init="10101010111111111010...]
Compiling architecture lut5_v of entity unisim.LUT5 [\LUT5(init="10101111101000001100...]
Compiling architecture lut6_v of entity unisim.LUT6 [\LUT6(init="10101111101000001110...]
Compiling architecture lut6_v of entity unisim.LUT6 [\LUT6(init="10101010101010101010...]
Compiling architecture lut6_v of entity unisim.LUT6 [\LUT6(init="10111010101110111011...]
Compiling architecture lut6_v of entity unisim.LUT6 [\LUT6(init="00000000000000000000...]
Compiling architecture lut5_v of entity unisim.LUT5 [\LUT5(init="10101010101010101011...]
Compiling architecture lut5_v of entity unisim.LUT5 [\LUT5(init="11111111111111110101...]
Compiling architecture lut4_v of entity unisim.LUT4 [\LUT4(init="1010110010101111")(0...]
Compiling architecture lut6_v of entity unisim.LUT6 [\LUT6(init="11111111111111111111...]
Compiling architecture lut6_v of entity unisim.LUT6 [\LUT6(init="00000000000000001111...]
Compiling architecture lut6_v of entity unisim.LUT6 [\LUT6(init="11111111111111111111...]
Compiling architecture lut5_v of entity unisim.LUT5 [\LUT5(init="10111000111111111011...]
Compiling architecture lut3_v of entity unisim.LUT3 [\LUT3(init="11101111")(0,7)\]
Compiling architecture lut6_v of entity unisim.LUT6 [\LUT6(init="11111111111111111111...]
Compiling architecture lut6_v of entity unisim.LUT6 [\LUT6(init="11100000111011111110...]
Compiling architecture lut6_v of entity unisim.LUT6 [\LUT6(init="00010001000000010001...]
Compiling architecture lut6_v of entity unisim.LUT6 [\LUT6(init="00000000110011100000...]
Compiling architecture lut5_v of entity unisim.LUT5 [\LUT5(init="00000000000000000000...]
Compiling architecture lut5_v of entity unisim.LUT5 [\LUT5(init="01001111111111110100...]
Compiling architecture lut6_v of entity unisim.LUT6 [\LUT6(init="00000000000000000000...]
Compiling architecture lut6_v of entity unisim.LUT6 [\LUT6(init="00001101000000000000...]
Compiling architecture lut6_v of entity unisim.LUT6 [\LUT6(init="11011101111111111101...]
Compiling architecture lut5_v of entity unisim.LUT5 [\LUT5(init="00011101000000000001...]
Compiling architecture lut6_v of entity unisim.LUT6 [\LUT6(init="11111000000010001111...]
Compiling architecture lut6_v of entity unisim.LUT6 [\LUT6(init="11111111111111111111...]
Compiling architecture lut4_v of entity unisim.LUT4 [\LUT4(init="0000100000000000")(0...]
Compiling architecture lut4_v of entity unisim.LUT4 [\LUT4(init="1011010010111011")(0...]
Compiling architecture lut4_v of entity unisim.LUT4 [\LUT4(init="1000011110001000")(0...]
Compiling architecture lut1_v of entity unisim.LUT1 [\LUT1(init="0001")(0,3)\]
Compiling architecture lut4_v of entity unisim.LUT4 [\LUT4(init="0000000011001010")(0...]
Compiling architecture lut3_v of entity unisim.LUT3 [\LUT3(init="10010101")(0,7)\]
Compiling architecture lut4_v of entity unisim.LUT4 [\LUT4(init="1011101110110100")(0...]
Compiling architecture lut6_v of entity unisim.LUT6 [\LUT6(init="00000000000000000111...]
Compiling architecture lut4_v of entity unisim.LUT4 [\LUT4(init="1011101110101011")(0...]
Compiling architecture lut6_v of entity unisim.LUT6 [\LUT6(init="00000000000000001011...]
Compiling architecture lut6_v of entity unisim.LUT6 [\LUT6(init="10000000100000001011...]
Compiling architecture lut6_v of entity unisim.LUT6 [\LUT6(init="10001000100010001011...]
Compiling architecture lut6_v of entity unisim.LUT6 [\LUT6(init="10101111110000000000...]
Compiling architecture lut3_v of entity unisim.LUT3 [\LUT3(init="00100000")(0,7)\]
Compiling architecture lut5_v of entity unisim.LUT5 [\LUT5(init="10000000101100001000...]
Compiling architecture lut6_v of entity unisim.LUT6 [\LUT6(init="10111000000000001111...]
Compiling architecture carry4_v of entity unisim.CARRY4 [carry4_default]
Compiling architecture lut3_v of entity unisim.LUT3 [\LUT3(init="00000001")(0,7)\]
Compiling architecture lut4_v of entity unisim.LUT4 [\LUT4(init="1111110111111110")(0...]
Compiling architecture lut5_v of entity unisim.LUT5 [\LUT5(init="11111111111011111111...]
Compiling architecture structure of entity xil_defaultlib.addsubfsm_v6 [addsubfsm_v6_default]
Compiling architecture lut4_v of entity unisim.LUT4 [\LUT4(init="1010101011101010")(0...]
Compiling architecture lut6_v of entity unisim.LUT6 [\LUT6(init="10111111111110111000...]
Compiling architecture lut6_v of entity unisim.LUT6 [\LUT6(init="10001000100010001000...]
Compiling architecture lut6_v of entity unisim.LUT6 [\LUT6(init="00101111001000000010...]
Compiling architecture lut6_v of entity unisim.LUT6 [\LUT6(init="00101111001000001111...]
Compiling architecture lut6_v of entity unisim.LUT6 [\LUT6(init="10001000101110001011...]
Compiling architecture lut4_v of entity unisim.LUT4 [\LUT4(init="1000100010111000")(0...]
Compiling architecture lut6_v of entity unisim.LUT6 [\LUT6(init="01110111011101110111...]
Compiling architecture lut6_v of entity unisim.LUT6 [\LUT6(init="10101111101000001100...]
Compiling architecture lut6_v of entity unisim.LUT6 [\LUT6(init="10101010101010101010...]
Compiling architecture lut6_v of entity unisim.LUT6 [\LUT6(init="00000000000000000000...]
Compiling architecture lut6_v of entity unisim.LUT6 [\LUT6(init="11111111111111111111...]
Compiling architecture lut4_v of entity unisim.LUT4 [\LUT4(init="1111000010111011")(0...]
Compiling architecture lut6_v of entity unisim.LUT6 [\LUT6(init="00001111000000000000...]
Compiling architecture lut5_v of entity unisim.LUT5 [\LUT5(init="00000111000000000000...]
Compiling architecture lut6_v of entity unisim.LUT6 [\LUT6(init="10101111101000001100...]
Compiling architecture lut6_v of entity unisim.LUT6 [\LUT6(init="10001000100010001000...]
Compiling architecture lut5_v of entity unisim.LUT5 [\LUT5(init="10101011101010111010...]
Compiling architecture lut5_v of entity unisim.LUT5 [\LUT5(init="11001100110011001100...]
Compiling architecture lut5_v of entity unisim.LUT5 [\LUT5(init="00000000000000001111...]
Compiling architecture lut6_v of entity unisim.LUT6 [\LUT6(init="00000000000011010000...]
Compiling architecture lut6_v of entity unisim.LUT6 [\LUT6(init="00000000000000000000...]
Compiling architecture lut5_v of entity unisim.LUT5 [\LUT5(init="10001111111111111000...]
Compiling architecture lut6_v of entity unisim.LUT6 [\LUT6(init="00000000000000000000...]
Compiling architecture lut5_v of entity unisim.LUT5 [\LUT5(init="10111000101110111011...]
Compiling architecture lut6_v of entity unisim.LUT6 [\LUT6(init="10101010101010101010...]
Compiling architecture lut6_v of entity unisim.LUT6 [\LUT6(init="10101010101010101010...]
Compiling architecture lut3_v of entity unisim.LUT3 [\LUT3(init="10000010")(0,7)\]
Compiling architecture lut4_v of entity unisim.LUT4 [\LUT4(init="0000000000000100")(0...]
Compiling architecture lut6_v of entity unisim.LUT6 [\LUT6(init="00000000000000000000...]
Compiling architecture lut6_v of entity unisim.LUT6 [\LUT6(init="00000000000000000000...]
Compiling architecture lut6_v of entity unisim.LUT6 [\LUT6(init="10001000100010001000...]
Compiling architecture lut6_v of entity unisim.LUT6 [\LUT6(init="10100000101000001010...]
Compiling architecture lut3_v of entity unisim.LUT3 [\LUT3(init="00000100")(0,7)\]
Compiling architecture lut5_v of entity unisim.LUT5 [\LUT5(init="00000000000000000100...]
Compiling architecture lut6_v of entity unisim.LUT6 [\LUT6(init="00000000101110001111...]
Compiling architecture lut5_v of entity unisim.LUT5 [\LUT5(init="11111111111111111111...]
Compiling architecture lut4_v of entity unisim.LUT4 [\LUT4(init="1111111111111110")(0...]
Compiling architecture lut5_v of entity unisim.LUT5 [\LUT5(init="00000000000011010000...]
Compiling architecture lut5_v of entity unisim.LUT5 [\LUT5(init="00000000000000000000...]
Compiling architecture lut6_v of entity unisim.LUT6 [\LUT6(init="01111111111111111111...]
Compiling architecture lut3_v of entity unisim.LUT3 [\LUT3(init="00001110")(0,7)\]
Compiling architecture structure of entity xil_defaultlib.addsubfsm_v6_0 [addsubfsm_v6_0_default]
Compiling architecture lut5_v of entity unisim.LUT5 [\LUT5(init="11001100101001010011...]
Compiling architecture bufg_v of entity unisim.BUFG [bufg_default]
Compiling architecture ibuf_v of entity unisim.IBUF [\IBUF(1,9)(1,1)(1,4)(1,7)\]
Compiling architecture lut3_v of entity unisim.LUT3 [\LUT3(init="10000000")(0,7)\]
Compiling architecture lut4_v of entity unisim.LUT4 [\LUT4(init="1110001000000000")(0...]
Compiling architecture lut4_v of entity unisim.LUT4 [\LUT4(init="1001111110010000")(0...]
Compiling architecture lut4_v of entity unisim.LUT4 [\LUT4(init="0000111000001010")(0...]
Compiling architecture dsp48e1_v of entity unisim.DSP48E1 [\DSP48E1(alumodereg=0,carryinreg...]
Compiling architecture lut4_v of entity unisim.LUT4 [\LUT4(init="0111100010001000")(0...]
Compiling architecture lut6_v of entity unisim.LUT6 [\LUT6(init="10111111101100001111...]
Compiling architecture lut4_v of entity unisim.LUT4 [\LUT4(init="1110001011111111")(0...]
Compiling architecture structure of entity xil_defaultlib.fixMul [fixmul_default]
Compiling architecture lut5_v of entity unisim.LUT5 [\LUT5(init="01001111000000000100...]
Compiling architecture lut6_v of entity unisim.LUT6 [\LUT6(init="10001000100010001000...]
Compiling architecture lut6_v of entity unisim.LUT6 [\LUT6(init="00000000000000000000...]
Compiling architecture lut6_v of entity unisim.LUT6 [\LUT6(init="00000000000000001111...]
Compiling architecture lut3_v of entity unisim.LUT3 [\LUT3(init="01101000")(0,7)\]
Compiling architecture lut4_v of entity unisim.LUT4 [\LUT4(init="0111110010000000")(0...]
Compiling architecture lut3_v of entity unisim.LUT3 [\LUT3(init="01101010")(0,7)\]
Compiling architecture lut3_v of entity unisim.LUT3 [\LUT3(init="10010110")(0,7)\]
Compiling architecture lut2_v of entity unisim.LUT2 [\LUT2(init="1001")(0,3)\]
Compiling architecture lut4_v of entity unisim.LUT4 [\LUT4(init="1000011101111000")(0...]
Compiling architecture lut4_v of entity unisim.LUT4 [\LUT4(init="0111100010000111")(0...]
Compiling architecture lut4_v of entity unisim.LUT4 [\LUT4(init="1000000000000000")(0...]
Compiling architecture lut4_v of entity unisim.LUT4 [\LUT4(init="1111111011101110")(0...]
Compiling architecture lut5_v of entity unisim.LUT5 [\LUT5(init="10000000000000000000...]
Compiling architecture lut3_v of entity unisim.LUT3 [\LUT3(init="01010100")(0,7)\]
Compiling architecture lut4_v of entity unisim.LUT4 [\LUT4(init="1111011110101010")(0...]
Compiling architecture lut5_v of entity unisim.LUT5 [\LUT5(init="11111111101110100101...]
Compiling architecture lut5_v of entity unisim.LUT5 [\LUT5(init="00000000000000010000...]
Compiling architecture lut6_v of entity unisim.LUT6 [\LUT6(init="00000000000000000000...]
Compiling architecture lut6_v of entity unisim.LUT6 [\LUT6(init="00000000000000000000...]
Compiling architecture structure of entity xil_defaultlib.divNR [divnr_default]
Compiling architecture lut6_v of entity unisim.LUT6 [\LUT6(init="00000000000000001111...]
Compiling architecture lut6_v of entity unisim.LUT6 [\LUT6(init="10111011101110111000...]
Compiling architecture lut5_v of entity unisim.LUT5 [\LUT5(init="00110011010110101100...]
Compiling architecture lut4_v of entity unisim.LUT4 [\LUT4(init="1110101110101010")(0...]
Compiling architecture lut6_v of entity unisim.LUT6 [\LUT6(init="10111000100010001011...]
Compiling architecture lut6_v of entity unisim.LUT6 [\LUT6(init="00111100010101010011...]
Compiling architecture lut5_v of entity unisim.LUT5 [\LUT5(init="11100010111000101110...]
Compiling architecture lut5_v of entity unisim.LUT5 [\LUT5(init="11100010000111011110...]
Compiling architecture lut4_v of entity unisim.LUT4 [\LUT4(init="0001110111100010")(0...]
Compiling architecture lut6_v of entity unisim.LUT6 [\LUT6(init="00111100110011000101...]
Compiling architecture lut5_v of entity unisim.LUT5 [\LUT5(init="11001100101000000000...]
Compiling architecture lut6_v of entity unisim.LUT6 [\LUT6(init="11000000101010101100...]
Compiling architecture lut4_v of entity unisim.LUT4 [\LUT4(init="1010100101011001")(0...]
Compiling architecture lut4_v of entity unisim.LUT4 [\LUT4(init="1001000000001001")(0...]
Compiling architecture lut6_v of entity unisim.LUT6 [\LUT6(init="11000000000000001010...]
Compiling architecture lut6_v of entity unisim.LUT6 [\LUT6(init="00011101110100010001...]
Compiling architecture lut5_v of entity unisim.LUT5 [\LUT5(init="00110101111101011111...]
Compiling architecture lut4_v of entity unisim.LUT4 [\LUT4(init="0100010011010100")(0...]
Compiling architecture lut4_v of entity unisim.LUT4 [\LUT4(init="0010001010110010")(0...]
Compiling architecture lut5_v of entity unisim.LUT5 [\LUT5(init="11010001110111010001...]
Compiling architecture lut5_v of entity unisim.LUT5 [\LUT5(init="00011101110100011101...]
Compiling architecture lut3_v of entity unisim.LUT3 [\LUT3(init="01000111")(0,7)\]
Compiling architecture lut4_v of entity unisim.LUT4 [\LUT4(init="1111100010001000")(0...]
Compiling architecture lut4_v of entity unisim.LUT4 [\LUT4(init="0000010000000000")(0...]
Compiling architecture lut6_v of entity unisim.LUT6 [\LUT6(init="01000100010001000100...]
Compiling architecture lut4_v of entity unisim.LUT4 [\LUT4(init="0000001000100000")(0...]
Compiling architecture dsp48e1_v of entity unisim.DSP48E1 [\DSP48E1(acascreg=0,alumodereg=0...]
Compiling architecture lut6_v of entity unisim.LUT6 [\LUT6(init="01001111010001000100...]
Compiling architecture lut6_v of entity unisim.LUT6 [\LUT6(init="01000100111111111111...]
Compiling architecture lut6_v of entity unisim.LUT6 [\LUT6(init="11110100111101000100...]
Compiling architecture lut3_v of entity unisim.LUT3 [\LUT3(init="10001011")(0,7)\]
Compiling architecture lut5_v of entity unisim.LUT5 [\LUT5(init="00000000000000000000...]
Compiling architecture lut5_v of entity unisim.LUT5 [\LUT5(init="00000000000000000011...]
Compiling architecture lut5_v of entity unisim.LUT5 [\LUT5(init="11101011111111110010...]
Compiling architecture lut6_v of entity unisim.LUT6 [\LUT6(init="00000000000000000000...]
Compiling architecture lut4_v of entity unisim.LUT4 [\LUT4(init="0110100110010110")(0...]
Compiling architecture lut6_v of entity unisim.LUT6 [\LUT6(init="11111110111111101111...]
Compiling architecture lut6_v of entity unisim.LUT6 [\LUT6(init="11111111111111001111...]
Compiling architecture lut6_v of entity unisim.LUT6 [\LUT6(init="11111111111011111111...]
Compiling architecture lut6_v of entity unisim.LUT6 [\LUT6(init="11101110111011110000...]
Compiling architecture lut5_v of entity unisim.LUT5 [\LUT5(init="11111111111101001111...]
Compiling architecture lut6_v of entity unisim.LUT6 [\LUT6(init="10111000101110111011...]
Compiling architecture lut6_v of entity unisim.LUT6 [\LUT6(init="00001100000000001111...]
Compiling architecture lut6_v of entity unisim.LUT6 [\LUT6(init="11111111010001000100...]
Compiling architecture lut4_v of entity unisim.LUT4 [\LUT4(init="0000000100000000")(0...]
Compiling architecture lut5_v of entity unisim.LUT5 [\LUT5(init="11111111111111001111...]
Compiling architecture lut5_v of entity unisim.LUT5 [\LUT5(init="00000000000000000000...]
Compiling architecture lut5_v of entity unisim.LUT5 [\LUT5(init="01011100110001010101...]
Compiling architecture lut4_v of entity unisim.LUT4 [\LUT4(init="1001011001101001")(0...]
Compiling architecture lut6_v of entity unisim.LUT6 [\LUT6(init="01110100010001000111...]
Compiling architecture lut6_v of entity unisim.LUT6 [\LUT6(init="11110100111101001111...]
Compiling architecture lut6_v of entity unisim.LUT6 [\LUT6(init="11111111111101000100...]
Compiling architecture lut6_v of entity unisim.LUT6 [\LUT6(init="11110100111111110100...]
Compiling architecture lut6_v of entity unisim.LUT6 [\LUT6(init="11110100010001000100...]
Compiling architecture lut6_v of entity unisim.LUT6 [\LUT6(init="11110100010001000100...]
Compiling architecture lut6_v of entity unisim.LUT6 [\LUT6(init="00000101111101010000...]
Compiling architecture lut4_v of entity unisim.LUT4 [\LUT4(init="0000000010111000")(0...]
Compiling architecture lut4_v of entity unisim.LUT4 [\LUT4(init="0000110011111010")(0...]
Compiling architecture lut5_v of entity unisim.LUT5 [\LUT5(init="00110000101110110011...]
Compiling architecture lut6_v of entity unisim.LUT6 [\LUT6(init="00000000000000000000...]
Compiling architecture lut4_v of entity unisim.LUT4 [\LUT4(init="0000000011100100")(0...]
Compiling architecture lut4_v of entity unisim.LUT4 [\LUT4(init="0010101100100010")(0...]
Compiling architecture structure of entity xil_defaultlib.multiplierfsm_v2 [multiplierfsm_v2_default]
Compiling architecture lut5_v of entity unisim.LUT5 [\LUT5(init="11010001000111011101...]
Compiling architecture lut3_v of entity unisim.LUT3 [\LUT3(init="00101000")(0,7)\]
Compiling architecture lut4_v of entity unisim.LUT4 [\LUT4(init="1011111010101010")(0...]
Compiling architecture lut6_v of entity unisim.LUT6 [\LUT6(init="11110100010001001111...]
Compiling architecture lut6_v of entity unisim.LUT6 [\LUT6(init="01000100010001001111...]
Compiling architecture lut5_v of entity unisim.LUT5 [\LUT5(init="00000000001110110000...]
Compiling architecture lut5_v of entity unisim.LUT5 [\LUT5(init="10111110111111111000...]
Compiling architecture lut6_v of entity unisim.LUT6 [\LUT6(init="11011101110111011101...]
Compiling architecture lut6_v of entity unisim.LUT6 [\LUT6(init="00010001000100001111...]
Compiling architecture lut6_v of entity unisim.LUT6 [\LUT6(init="11110100111111110100...]
Compiling architecture lut4_v of entity unisim.LUT4 [\LUT4(init="0101000100000001")(0...]
Compiling architecture lut4_v of entity unisim.LUT4 [\LUT4(init="0000000000000010")(0...]
Compiling architecture lut4_v of entity unisim.LUT4 [\LUT4(init="0000001000000000")(0...]
Compiling architecture structure of entity xil_defaultlib.multiplierfsm_v2_1 [multiplierfsm_v2_1_default]
Compiling architecture obuf_v of entity unisim.OBUF [\OBUF(1,9)(1,7)(1,4)\]
Compiling architecture fdce_v of entity unisim.FDCE [fdce_default]
Compiling architecture lut5_v of entity unisim.LUT5 [\LUT5(init="10101001111111111010...]
Compiling architecture lut6_v of entity unisim.LUT6 [\LUT6(init="10101010101010011111...]
Compiling architecture lut6_v of entity unisim.LUT6 [\LUT6(init="10101010100110101111...]
Compiling architecture lut4_v of entity unisim.LUT4 [\LUT4(init="0110111101100000")(0...]
Compiling architecture lut5_v of entity unisim.LUT5 [\LUT5(init="10011010111111111001...]
Compiling architecture lut6_v of entity unisim.LUT6 [\LUT6(init="10011010111111111001...]
Compiling architecture lut6_v of entity unisim.LUT6 [\LUT6(init="00000000000000000000...]
Compiling architecture lut3_v of entity unisim.LUT3 [\LUT3(init="01100000")(0,7)\]
Compiling architecture lut5_v of entity unisim.LUT5 [\LUT5(init="11111011000010000000...]
Compiling architecture lut6_v of entity unisim.LUT6 [\LUT6(init="10111011101110111011...]
Compiling architecture lut6_v of entity unisim.LUT6 [\LUT6(init="11111011101111110000...]
Compiling architecture lut6_v of entity unisim.LUT6 [\LUT6(init="00000000000000000000...]
Compiling architecture lut5_v of entity unisim.LUT5 [\LUT5(init="11100010111111111110...]
Compiling architecture lut6_v of entity unisim.LUT6 [\LUT6(init="00000001000000000000...]
Compiling architecture lut6_v of entity unisim.LUT6 [\LUT6(init="01000000010011100100...]
Compiling architecture lut6_v of entity unisim.LUT6 [\LUT6(init="00101111001011100010...]
Compiling architecture lut6_v of entity unisim.LUT6 [\LUT6(init="00000010111100101111...]
Compiling architecture lut3_v of entity unisim.LUT3 [\LUT3(init="00101101")(0,7)\]
Compiling architecture lut6_v of entity unisim.LUT6 [\LUT6(init="00000000100111111111...]
Compiling architecture lut6_v of entity unisim.LUT6 [\LUT6(init="00000010111100101111...]
Compiling architecture lut6_v of entity unisim.LUT6 [\LUT6(init="10000000000000000000...]
Compiling architecture lut5_v of entity unisim.LUT5 [\LUT5(init="11110101001101010011...]
Compiling architecture lut6_v of entity unisim.LUT6 [\LUT6(init="11110010000000100000...]
Compiling architecture lut6_v of entity unisim.LUT6 [\LUT6(init="00000000000000000000...]
Compiling architecture lut3_v of entity unisim.LUT3 [\LUT3(init="00001000")(0,7)\]
Compiling architecture lut3_v of entity unisim.LUT3 [\LUT3(init="10011111")(0,7)\]
Compiling architecture lut6_v of entity unisim.LUT6 [\LUT6(init="00000000000000000111...]
Compiling architecture lut5_v of entity unisim.LUT5 [\LUT5(init="11111111111111101111...]
Compiling architecture lut6_v of entity unisim.LUT6 [\LUT6(init="10101010101010101010...]
Compiling architecture lut5_v of entity unisim.LUT5 [\LUT5(init="10111011101110001011...]
Compiling architecture lut6_v of entity unisim.LUT6 [\LUT6(init="01010101010101010000...]
Compiling architecture lut3_v of entity unisim.LUT3 [\LUT3(init="10100011")(0,7)\]
Compiling architecture lut6_v of entity unisim.LUT6 [\LUT6(init="00110000101110110011...]
Compiling architecture lut6_v of entity unisim.LUT6 [\LUT6(init="00000000001000001111...]
Compiling architecture lut6_v of entity unisim.LUT6 [\LUT6(init="00000000000000000000...]
Compiling architecture lut6_v of entity unisim.LUT6 [\LUT6(init="00000000000000000000...]
Compiling architecture lut6_v of entity unisim.LUT6 [\LUT6(init="11111111111111111111...]
Compiling architecture lut6_v of entity unisim.LUT6 [\LUT6(init="00001011000010110000...]
Compiling architecture lut6_v of entity unisim.LUT6 [\LUT6(init="00010011000000000001...]
Compiling architecture lut6_v of entity unisim.LUT6 [\LUT6(init="11111111000000000000...]
Compiling architecture lut6_v of entity unisim.LUT6 [\LUT6(init="01010000010111110001...]
Compiling architecture lut5_v of entity unisim.LUT5 [\LUT5(init="10100000101000001100...]
Compiling architecture lut6_v of entity unisim.LUT6 [\LUT6(init="10111000000000001011...]
Compiling architecture lut6_v of entity unisim.LUT6 [\LUT6(init="00000001000000001111...]
Compiling architecture lut5_v of entity unisim.LUT5 [\LUT5(init="01001111010000000000...]
Compiling architecture lut4_v of entity unisim.LUT4 [\LUT4(init="0000000000100000")(0...]
Compiling architecture lut5_v of entity unisim.LUT5 [\LUT5(init="11111111111111111111...]
Compiling architecture lut6_v of entity unisim.LUT6 [\LUT6(init="00000000000000000000...]
Compiling architecture lut6_v of entity unisim.LUT6 [\LUT6(init="11111111111101111111...]
Compiling architecture lut6_v of entity unisim.LUT6 [\LUT6(init="00000000000010111011...]
Compiling architecture lut6_v of entity unisim.LUT6 [\LUT6(init="10100010101010101010...]
Compiling architecture lut6_v of entity unisim.LUT6 [\LUT6(init="11111111111111111111...]
Compiling architecture lut6_v of entity unisim.LUT6 [\LUT6(init="00000000000000000000...]
Compiling architecture lut4_v of entity unisim.LUT4 [\LUT4(init="0001010111010101")(0...]
Compiling architecture lut5_v of entity unisim.LUT5 [\LUT5(init="00000000000010110000...]
Compiling architecture lut4_v of entity unisim.LUT4 [\LUT4(init="0101110011001100")(0...]
Compiling architecture lut3_v of entity unisim.LUT3 [\LUT3(init="01101001")(0,7)\]
Compiling architecture lut6_v of entity unisim.LUT6 [\LUT6(init="10110000101110111011...]
Compiling architecture lut6_v of entity unisim.LUT6 [\LUT6(init="00001011000010111011...]
Compiling architecture lut5_v of entity unisim.LUT5 [\LUT5(init="00000000000100000000...]
Compiling architecture lut5_v of entity unisim.LUT5 [\LUT5(init="10101010101000101010...]
Compiling architecture lut6_v of entity unisim.LUT6 [\LUT6(init="00001011000010110000...]
Compiling architecture lut6_v of entity unisim.LUT6 [\LUT6(init="11111111111111101111...]
Compiling architecture lut6_v of entity unisim.LUT6 [\LUT6(init="00000000000000100000...]
Compiling architecture lut6_v of entity unisim.LUT6 [\LUT6(init="00001100000000000000...]
Compiling architecture lut6_v of entity unisim.LUT6 [\LUT6(init="00000000000000000000...]
Compiling architecture lut5_v of entity unisim.LUT5 [\LUT5(init="00000000000000000000...]
Compiling architecture lut6_v of entity unisim.LUT6 [\LUT6(init="10001000100010111000...]
Compiling architecture lut6_v of entity unisim.LUT6 [\LUT6(init="11001111111111110000...]
Compiling architecture lut5_v of entity unisim.LUT5 [\LUT5(init="00000001000000000000...]
Compiling architecture lut6_v of entity unisim.LUT6 [\LUT6(init="10110000101100000000...]
Compiling architecture lut4_v of entity unisim.LUT4 [\LUT4(init="1111111011111111")(0...]
Compiling architecture lut5_v of entity unisim.LUT5 [\LUT5(init="11111111111111001111...]
Compiling architecture lut5_v of entity unisim.LUT5 [\LUT5(init="00000000000000000000...]
Compiling architecture lut5_v of entity unisim.LUT5 [\LUT5(init="11000101010111000101...]
Compiling architecture lut6_v of entity unisim.LUT6 [\LUT6(init="00000000000000000000...]
Compiling architecture lut6_v of entity unisim.LUT6 [\LUT6(init="10101010101010101010...]
Compiling architecture lut6_v of entity unisim.LUT6 [\LUT6(init="11011100111111111111...]
Compiling architecture lut6_v of entity unisim.LUT6 [\LUT6(init="11111110111101111111...]
Compiling architecture lut6_v of entity unisim.LUT6 [\LUT6(init="00001011000000001011...]
Compiling architecture lut6_v of entity unisim.LUT6 [\LUT6(init="11111110111010111111...]
Compiling architecture lut6_v of entity unisim.LUT6 [\LUT6(init="11101111110111111111...]
Compiling architecture lut6_v of entity unisim.LUT6 [\LUT6(init="10110000000000001011...]
Compiling architecture lut6_v of entity unisim.LUT6 [\LUT6(init="01010000010111110011...]
Compiling architecture lut6_v of entity unisim.LUT6 [\LUT6(init="00101010101010100010...]
Compiling architecture lut5_v of entity unisim.LUT5 [\LUT5(init="10101010101010101010...]
Compiling architecture lut6_v of entity unisim.LUT6 [\LUT6(init="11111011111110101111...]
Compiling architecture lut6_v of entity unisim.LUT6 [\LUT6(init="11111110111011111111...]
Compiling architecture lut3_v of entity unisim.LUT3 [\LUT3(init="01000000")(0,7)\]
Compiling architecture lut4_v of entity unisim.LUT4 [\LUT4(init="1011101010101010")(0...]
Compiling architecture lut6_v of entity unisim.LUT6 [\LUT6(init="00000000000000000000...]
Compiling architecture lut6_v of entity unisim.LUT6 [\LUT6(init="00000000000000000000...]
Compiling architecture structure of entity xil_defaultlib.addsubfsm_v6_2 [addsubfsm_v6_2_default]
Compiling architecture lut6_v of entity unisim.LUT6 [\LUT6(init="11111111111111111111...]
Compiling architecture lut5_v of entity unisim.LUT5 [\LUT5(init="00000000000000000000...]
Compiling architecture lut5_v of entity unisim.LUT5 [\LUT5(init="00000000000000000000...]
Compiling architecture structure of entity xil_defaultlib.addsubfsm_v6_3 [addsubfsm_v6_3_default]
Compiling architecture structure of entity xil_defaultlib.neuronio [neuronio_default]
Compiling architecture behavioral of entity xil_defaultlib.tb_neuron
Built simulation snapshot tb_neuron_func_synth
