
*** Running vivado
    with args -log desvio_velocidade.vds -m64 -product Vivado -mode batch -messageDb vivado.pb -notrace -source desvio_velocidade.tcl


****** Vivado v2017.4 (64-bit)
  **** SW Build 2086221 on Fri Dec 15 20:54:30 MST 2017
  **** IP Build 2085800 on Fri Dec 15 22:25:07 MST 2017
    ** Copyright 1986-2017 Xilinx, Inc. All Rights Reserved.

source desvio_velocidade.tcl -notrace
Command: synth_design -top desvio_velocidade -part xc7a35tcpg236-1 -fanout_limit 400 -fsm_extraction one_hot -keep_equivalent_registers -resource_sharing off -no_lc -shreg_min_size 5
Starting synth_design
Attempting to get a license for feature 'Synthesis' and/or device 'xc7a35t'
INFO: [Common 17-349] Got license for feature 'Synthesis' and/or device 'xc7a35t'
INFO: Launching helper process for spawning children vivado processes
INFO: Helper process launched with PID 24900 
---------------------------------------------------------------------------------
Starting RTL Elaboration : Time (s): cpu = 00:00:09 ; elapsed = 00:00:10 . Memory (MB): peak = 1259.168 ; gain = 74.992 ; free physical = 478 ; free virtual = 3082
---------------------------------------------------------------------------------
CRITICAL WARNING: [Synth 8-2488] overwriting existing primary unit multiplierfsm_v2 [/home/filipesfreitas/Circuitos_Reconfiguraveis/operadorFloatingPoint/multiplierfsm_v2.vhd:26]
INFO: [Synth 8-638] synthesizing module 'desvio_velocidade' [/home/filipesfreitas/Documentos/calculo_desvio/calculo_desvio.srcs/sources_1/new/desvio_velocidade.vhd:37]
	Parameter const bound to: 27'b001111100010011111000000101 
INFO: [Synth 8-3491] module 'multiplierfsm_v2' declared at '/home/filipesfreitas/Circuitos_Reconfiguraveis/operadorFloatingPoint/multiplierfsm_v2.vhd:26' bound to instance 'vel_calc' of component 'multiplierfsm_v2' [/home/filipesfreitas/Documentos/calculo_desvio/calculo_desvio.srcs/sources_1/new/desvio_velocidade.vhd:51]
INFO: [Synth 8-638] synthesizing module 'multiplierfsm_v2' [/home/filipesfreitas/Circuitos_Reconfiguraveis/operadorFloatingPoint/multiplierfsm_v2.vhd:36]
WARNING: [Synth 8-614] signal 's_mul_man' is read in the process but is not in the sensitivity list [/home/filipesfreitas/Circuitos_Reconfiguraveis/operadorFloatingPoint/multiplierfsm_v2.vhd:64]
WARNING: [Synth 8-614] signal 's_add_exp' is read in the process but is not in the sensitivity list [/home/filipesfreitas/Circuitos_Reconfiguraveis/operadorFloatingPoint/multiplierfsm_v2.vhd:64]
INFO: [Synth 8-256] done synthesizing module 'multiplierfsm_v2' (1#1) [/home/filipesfreitas/Circuitos_Reconfiguraveis/operadorFloatingPoint/multiplierfsm_v2.vhd:36]
INFO: [Synth 8-256] done synthesizing module 'desvio_velocidade' (2#1) [/home/filipesfreitas/Documentos/calculo_desvio/calculo_desvio.srcs/sources_1/new/desvio_velocidade.vhd:37]
---------------------------------------------------------------------------------
Finished RTL Elaboration : Time (s): cpu = 00:00:10 ; elapsed = 00:00:11 . Memory (MB): peak = 1299.699 ; gain = 115.523 ; free physical = 491 ; free virtual = 3096
---------------------------------------------------------------------------------

Report Check Netlist: 
+------+------------------+-------+---------+-------+------------------+
|      |Item              |Errors |Warnings |Status |Description       |
+------+------------------+-------+---------+-------+------------------+
|1     |multi_driven_nets |      0|        0|Passed |Multi driven nets |
+------+------------------+-------+---------+-------+------------------+
---------------------------------------------------------------------------------
Finished RTL Optimization Phase 1 : Time (s): cpu = 00:00:10 ; elapsed = 00:00:11 . Memory (MB): peak = 1299.699 ; gain = 115.523 ; free physical = 490 ; free virtual = 3095
---------------------------------------------------------------------------------
INFO: [Device 21-403] Loading part xc7a35tcpg236-1
INFO: [Project 1-570] Preparing netlist for logic optimization

Processing XDC Constraints
Initializing timing engine
Completed Processing XDC Constraints

INFO: [Project 1-111] Unisim Transformation Summary:
No Unisim elements were transformed.

Constraint Validation Runtime : Time (s): cpu = 00:00:00 ; elapsed = 00:00:00 . Memory (MB): peak = 1606.098 ; gain = 0.000 ; free physical = 254 ; free virtual = 2859
---------------------------------------------------------------------------------
Finished Constraint Validation : Time (s): cpu = 00:00:29 ; elapsed = 00:00:40 . Memory (MB): peak = 1606.098 ; gain = 421.922 ; free physical = 321 ; free virtual = 2926
---------------------------------------------------------------------------------
---------------------------------------------------------------------------------
Start Loading Part and Timing Information
---------------------------------------------------------------------------------
Loading part: xc7a35tcpg236-1
---------------------------------------------------------------------------------
Finished Loading Part and Timing Information : Time (s): cpu = 00:00:29 ; elapsed = 00:00:40 . Memory (MB): peak = 1606.098 ; gain = 421.922 ; free physical = 321 ; free virtual = 2926
---------------------------------------------------------------------------------
---------------------------------------------------------------------------------
Start Applying 'set_property' XDC Constraints
---------------------------------------------------------------------------------
---------------------------------------------------------------------------------
Finished applying 'set_property' XDC Constraints : Time (s): cpu = 00:00:29 ; elapsed = 00:00:40 . Memory (MB): peak = 1606.098 ; gain = 421.922 ; free physical = 323 ; free virtual = 2928
---------------------------------------------------------------------------------
INFO: [Synth 8-5845] Not enough pipeline registers after wide multiplier. Recommended levels of pipeline registers is 2 [/home/filipesfreitas/Circuitos_Reconfiguraveis/operadorFloatingPoint/multiplierfsm_v2.vhd:129]
---------------------------------------------------------------------------------
Finished RTL Optimization Phase 2 : Time (s): cpu = 00:00:29 ; elapsed = 00:00:40 . Memory (MB): peak = 1606.098 ; gain = 421.922 ; free physical = 314 ; free virtual = 2919
---------------------------------------------------------------------------------

Report RTL Partitions: 
+-+--------------+------------+----------+
| |RTL Partition |Replication |Instances |
+-+--------------+------------+----------+
+-+--------------+------------+----------+
---------------------------------------------------------------------------------
Start RTL Component Statistics 
---------------------------------------------------------------------------------
Detailed RTL Component Info : 
+---Adders : 
	   3 Input      9 Bit       Adders := 1     
	   2 Input      9 Bit       Adders := 1     
+---XORs : 
	   2 Input      1 Bit         XORs := 1     
+---Registers : 
	               27 Bit    Registers := 1     
	                2 Bit    Registers := 1     
	                1 Bit    Registers := 1     
+---Muxes : 
	   4 Input     27 Bit        Muxes := 1     
	   2 Input     18 Bit        Muxes := 2     
	   2 Input      8 Bit        Muxes := 1     
	   6 Input      2 Bit        Muxes := 1     
	   4 Input      1 Bit        Muxes := 1     
---------------------------------------------------------------------------------
Finished RTL Component Statistics 
---------------------------------------------------------------------------------
---------------------------------------------------------------------------------
Start RTL Hierarchical Component Statistics 
---------------------------------------------------------------------------------
Hierarchical RTL Component report 
Module multiplierfsm_v2 
Detailed RTL Component Info : 
+---Adders : 
	   3 Input      9 Bit       Adders := 1     
	   2 Input      9 Bit       Adders := 1     
+---XORs : 
	   2 Input      1 Bit         XORs := 1     
+---Registers : 
	               27 Bit    Registers := 1     
	                2 Bit    Registers := 1     
	                1 Bit    Registers := 1     
+---Muxes : 
	   4 Input     27 Bit        Muxes := 1     
	   2 Input     18 Bit        Muxes := 2     
	   2 Input      8 Bit        Muxes := 1     
	   6 Input      2 Bit        Muxes := 1     
	   4 Input      1 Bit        Muxes := 1     
---------------------------------------------------------------------------------
Finished RTL Hierarchical Component Statistics
---------------------------------------------------------------------------------
---------------------------------------------------------------------------------
Start Part Resource Summary
---------------------------------------------------------------------------------
Part Resources:
DSPs: 90 (col length:60)
BRAMs: 100 (col length: RAMB18 60 RAMB36 30)
---------------------------------------------------------------------------------
Finished Part Resource Summary
---------------------------------------------------------------------------------
---------------------------------------------------------------------------------
Start Cross Boundary and Area Optimization
---------------------------------------------------------------------------------
DSP Report: Generating DSP vel_calc/multOp, operation Mode is: A*(B:0x13e05).
DSP Report: operator vel_calc/multOp is absorbed into DSP vel_calc/multOp.
DSP Report: operator vel_calc/multOp is absorbed into DSP vel_calc/multOp.
---------------------------------------------------------------------------------
Finished Cross Boundary and Area Optimization : Time (s): cpu = 00:00:30 ; elapsed = 00:00:40 . Memory (MB): peak = 1606.098 ; gain = 421.922 ; free physical = 303 ; free virtual = 2908
---------------------------------------------------------------------------------
---------------------------------------------------------------------------------
Start ROM, RAM, DSP and Shift Register Reporting
---------------------------------------------------------------------------------

DSP: Preliminary Mapping  Report (see note below)
+-----------------+---------------+--------+--------+--------+--------+--------+------+------+------+------+-------+------+------+
|Module Name      | DSP Mapping   | A Size | B Size | C Size | D Size | P Size | AREG | BREG | CREG | DREG | ADREG | MREG | PREG | 
+-----------------+---------------+--------+--------+--------+--------+--------+------+------+------+------+-------+------+------+
|multiplierfsm_v2 | A*(B:0x13e05) | 20     | 18     | -      | -      | 48     | 0    | 0    | -    | -    | -     | 0    | 0    | 
+-----------------+---------------+--------+--------+--------+--------+--------+------+------+------+------+-------+------+------+

Note: The table above is a preliminary report that shows the DSPs inferred at the current stage of the synthesis flow. Some DSP may be reimplemented as non DSP primitives later in the synthesis flow. Multiple instantiated DSPs are reported only once.
---------------------------------------------------------------------------------
Finished ROM, RAM, DSP and Shift Register Reporting
---------------------------------------------------------------------------------

Report RTL Partitions: 
+-+--------------+------------+----------+
| |RTL Partition |Replication |Instances |
+-+--------------+------------+----------+
+-+--------------+------------+----------+
---------------------------------------------------------------------------------
Start Applying XDC Timing Constraints
---------------------------------------------------------------------------------
---------------------------------------------------------------------------------
Finished Applying XDC Timing Constraints : Time (s): cpu = 00:00:39 ; elapsed = 00:00:52 . Memory (MB): peak = 1625.098 ; gain = 440.922 ; free physical = 142 ; free virtual = 2750
---------------------------------------------------------------------------------
---------------------------------------------------------------------------------
Start Timing Optimization
---------------------------------------------------------------------------------
---------------------------------------------------------------------------------
Finished Timing Optimization : Time (s): cpu = 00:00:39 ; elapsed = 00:00:52 . Memory (MB): peak = 1625.098 ; gain = 440.922 ; free physical = 142 ; free virtual = 2750
---------------------------------------------------------------------------------

Report RTL Partitions: 
+-+--------------+------------+----------+
| |RTL Partition |Replication |Instances |
+-+--------------+------------+----------+
+-+--------------+------------+----------+
---------------------------------------------------------------------------------
Start Technology Mapping
---------------------------------------------------------------------------------
---------------------------------------------------------------------------------
Finished Technology Mapping : Time (s): cpu = 00:00:39 ; elapsed = 00:00:52 . Memory (MB): peak = 1644.129 ; gain = 459.953 ; free physical = 141 ; free virtual = 2748
---------------------------------------------------------------------------------

Report RTL Partitions: 
+-+--------------+------------+----------+
| |RTL Partition |Replication |Instances |
+-+--------------+------------+----------+
+-+--------------+------------+----------+
---------------------------------------------------------------------------------
Start IO Insertion
---------------------------------------------------------------------------------
---------------------------------------------------------------------------------
Start Flattening Before IO Insertion
---------------------------------------------------------------------------------
---------------------------------------------------------------------------------
Finished Flattening Before IO Insertion
---------------------------------------------------------------------------------
---------------------------------------------------------------------------------
Start Final Netlist Cleanup
---------------------------------------------------------------------------------
---------------------------------------------------------------------------------
Finished Final Netlist Cleanup
---------------------------------------------------------------------------------
---------------------------------------------------------------------------------
Finished IO Insertion : Time (s): cpu = 00:00:40 ; elapsed = 00:00:53 . Memory (MB): peak = 1644.129 ; gain = 459.953 ; free physical = 141 ; free virtual = 2748
---------------------------------------------------------------------------------

Report Check Netlist: 
+------+------------------+-------+---------+-------+------------------+
|      |Item              |Errors |Warnings |Status |Description       |
+------+------------------+-------+---------+-------+------------------+
|1     |multi_driven_nets |      0|        0|Passed |Multi driven nets |
+------+------------------+-------+---------+-------+------------------+
---------------------------------------------------------------------------------
Start Renaming Generated Instances
---------------------------------------------------------------------------------
---------------------------------------------------------------------------------
Finished Renaming Generated Instances : Time (s): cpu = 00:00:40 ; elapsed = 00:00:53 . Memory (MB): peak = 1644.129 ; gain = 459.953 ; free physical = 141 ; free virtual = 2748
---------------------------------------------------------------------------------

Report RTL Partitions: 
+-+--------------+------------+----------+
| |RTL Partition |Replication |Instances |
+-+--------------+------------+----------+
+-+--------------+------------+----------+
---------------------------------------------------------------------------------
Start Rebuilding User Hierarchy
---------------------------------------------------------------------------------
---------------------------------------------------------------------------------
Finished Rebuilding User Hierarchy : Time (s): cpu = 00:00:40 ; elapsed = 00:00:53 . Memory (MB): peak = 1644.129 ; gain = 459.953 ; free physical = 141 ; free virtual = 2748
---------------------------------------------------------------------------------
---------------------------------------------------------------------------------
Start Renaming Generated Ports
---------------------------------------------------------------------------------
---------------------------------------------------------------------------------
Finished Renaming Generated Ports : Time (s): cpu = 00:00:40 ; elapsed = 00:00:53 . Memory (MB): peak = 1644.129 ; gain = 459.953 ; free physical = 141 ; free virtual = 2748
---------------------------------------------------------------------------------
---------------------------------------------------------------------------------
Start Handling Custom Attributes
---------------------------------------------------------------------------------
---------------------------------------------------------------------------------
Finished Handling Custom Attributes : Time (s): cpu = 00:00:40 ; elapsed = 00:00:53 . Memory (MB): peak = 1644.129 ; gain = 459.953 ; free physical = 141 ; free virtual = 2748
---------------------------------------------------------------------------------
---------------------------------------------------------------------------------
Start Renaming Generated Nets
---------------------------------------------------------------------------------
---------------------------------------------------------------------------------
Finished Renaming Generated Nets : Time (s): cpu = 00:00:40 ; elapsed = 00:00:53 . Memory (MB): peak = 1644.129 ; gain = 459.953 ; free physical = 141 ; free virtual = 2748
---------------------------------------------------------------------------------
---------------------------------------------------------------------------------
Start Writing Synthesis Report
---------------------------------------------------------------------------------

Report BlackBoxes: 
+-+--------------+----------+
| |BlackBox name |Instances |
+-+--------------+----------+
+-+--------------+----------+

Report Cell Usage: 
+------+--------+------+
|      |Cell    |Count |
+------+--------+------+
|1     |BUFG    |     1|
|2     |CARRY4  |     6|
|3     |DSP48E1 |     1|
|4     |LUT1    |     1|
|5     |LUT2    |    21|
|6     |LUT3    |     1|
|7     |LUT4    |     7|
|8     |LUT5    |     7|
|9     |LUT6    |    29|
|10    |FDRE    |    30|
|11    |IBUF    |    30|
|12    |OBUF    |    28|
+------+--------+------+

Report Instance Areas: 
+------+-----------+-----------------+------+
|      |Instance   |Module           |Cells |
+------+-----------+-----------------+------+
|1     |top        |                 |   162|
|2     |  vel_calc |multiplierfsm_v2 |   103|
+------+-----------+-----------------+------+
---------------------------------------------------------------------------------
Finished Writing Synthesis Report : Time (s): cpu = 00:00:40 ; elapsed = 00:00:53 . Memory (MB): peak = 1644.129 ; gain = 459.953 ; free physical = 141 ; free virtual = 2748
---------------------------------------------------------------------------------
Synthesis finished with 0 errors, 0 critical warnings and 0 warnings.
Synthesis Optimization Runtime : Time (s): cpu = 00:00:30 ; elapsed = 00:00:34 . Memory (MB): peak = 1644.129 ; gain = 153.555 ; free physical = 207 ; free virtual = 2814
Synthesis Optimization Complete : Time (s): cpu = 00:00:40 ; elapsed = 00:00:53 . Memory (MB): peak = 1644.137 ; gain = 459.953 ; free physical = 207 ; free virtual = 2814
INFO: [Project 1-571] Translating synthesized netlist
INFO: [Netlist 29-17] Analyzing 37 Unisim elements for replacement
INFO: [Netlist 29-28] Unisim Transformation completed in 0 CPU seconds
INFO: [Project 1-570] Preparing netlist for logic optimization
INFO: [Opt 31-138] Pushed 0 inverter(s) to 0 load pin(s).
INFO: [Project 1-111] Unisim Transformation Summary:
No Unisim elements were transformed.

INFO: [Common 17-83] Releasing license: Synthesis
17 Infos, 3 Warnings, 1 Critical Warnings and 0 Errors encountered.
synth_design completed successfully
synth_design: Time (s): cpu = 00:00:43 ; elapsed = 00:00:55 . Memory (MB): peak = 1644.137 ; gain = 473.340 ; free physical = 203 ; free virtual = 2810
INFO: [Common 17-1381] The checkpoint '/home/filipesfreitas/Documentos/calculo_desvio/calculo_desvio.runs/synth_2/desvio_velocidade.dcp' has been generated.
INFO: [runtcl-4] Executing : report_utilization -file desvio_velocidade_utilization_synth.rpt -pb desvio_velocidade_utilization_synth.pb
report_utilization: Time (s): cpu = 00:00:00.09 ; elapsed = 00:00:00.11 . Memory (MB): peak = 1644.137 ; gain = 0.000 ; free physical = 203 ; free virtual = 2810
INFO: [Common 17-206] Exiting Vivado at Thu May 16 23:27:22 2019...
