INFO: [VRFC 10-163] Analyzing VHDL file "/home/filipesfreitas/Documentos/calculo_desvio/calculo_desvio.srcs/sim_1/new/tb_desv.vhd" into library xil_defaultlib
INFO: [VRFC 10-307] analyzing entity tb_desv
INFO: [VRFC 10-163] Analyzing VHDL file "/home/filipesfreitas/Circuitos_Reconfiguraveis/operadorFloatingPoint/fpupack.vhd" into library xil_defaultlib
INFO: [VRFC 10-163] Analyzing VHDL file "/home/filipesfreitas/Circuitos_Reconfiguraveis/operadorFloatingPoint/entities.vhd" into library xil_defaultlib
INFO: [VRFC 10-163] Analyzing VHDL file "/home/filipesfreitas/Documentos/calculo_desvio/calculo_desvio.srcs/sources_1/new/desvio_velocidade.vhd" into library xil_defaultlib
INFO: [VRFC 10-307] analyzing entity desvio_velocidade
INFO: [VRFC 10-163] Analyzing VHDL file "/home/filipesfreitas/Circuitos_Reconfiguraveis/operadorFloatingPoint/multiplierfsm_v2.vhd" into library xil_defaultlib
INFO: [VRFC 10-307] analyzing entity multiplierfsm_v2
INFO: [VRFC 10-163] Analyzing VHDL file "/home/filipesfreitas/Documentos/calculo_desvio/calculo_desvio.srcs/sim_1/new/tb_desv.vhd" into library xil_defaultlib
INFO: [VRFC 10-307] analyzing entity tb_desv
INFO: [VRFC 10-163] Analyzing VHDL file "/home/filipesfreitas/Circuitos_Reconfiguraveis/operadorFloatingPoint/fpupack.vhd" into library xil_defaultlib
INFO: [VRFC 10-163] Analyzing VHDL file "/home/filipesfreitas/Circuitos_Reconfiguraveis/operadorFloatingPoint/entities.vhd" into library xil_defaultlib
INFO: [VRFC 10-163] Analyzing VHDL file "/home/filipesfreitas/Documentos/calculo_desvio/calculo_desvio.srcs/sources_1/new/desvio_velocidade.vhd" into library xil_defaultlib
INFO: [VRFC 10-307] analyzing entity desvio_velocidade
INFO: [VRFC 10-163] Analyzing VHDL file "/home/filipesfreitas/Circuitos_Reconfiguraveis/operadorFloatingPoint/multiplierfsm_v2.vhd" into library xil_defaultlib
INFO: [VRFC 10-307] analyzing entity multiplierfsm_v2
INFO: [VRFC 10-163] Analyzing VHDL file "/home/filipesfreitas/Documentos/calculo_desvio/calculo_desvio.srcs/sources_1/new/desvio_velocidade.vhd" into library xil_defaultlib
INFO: [VRFC 10-307] analyzing entity desvio_velocidade
INFO: [VRFC 10-163] Analyzing VHDL file "/home/filipesfreitas/Documentos/calculo_desvio/calculo_desvio.srcs/sim_1/new/tb_desv.vhd" into library xil_defaultlib
INFO: [VRFC 10-307] analyzing entity tb_desv
INFO: [VRFC 10-163] Analyzing VHDL file "/home/filipesfreitas/Documentos/calculo_desvio/calculo_desvio.srcs/sim_1/new/tb_desv.vhd" into library xil_defaultlib
INFO: [VRFC 10-307] analyzing entity tb_desv
INFO: [VRFC 10-163] Analyzing VHDL file "/home/filipesfreitas/Documentos/calculo_desvio/calculo_desvio.srcs/sim_1/new/tb_desv.vhd" into library xil_defaultlib
INFO: [VRFC 10-307] analyzing entity tb_desv
