#
# An unexpected error has occurred (6)
#
Stack:
/lib/x86_64-linux-gnu/libc.so.6(+0x354b0) [0x7f4425c084b0]
/lib/x86_64-linux-gnu/libc.so.6(gsignal+0x38) [0x7f4425c08428]
/lib/x86_64-linux-gnu/libc.so.6(abort+0x16a) [0x7f4425c0a02a]
/home/parallels/Desktop/Downloads/Vivado/2018.3/lib/lnx64.o/Ubuntu/libstdc++.so.6(_ZN9__gnu_cxx27__verbose_terminate_handlerEv+0x15d) [0x7f442624333d]
/home/parallels/Desktop/Downloads/Vivado/2018.3/lib/lnx64.o/Ubuntu/libstdc++.so.6(+0x8e316) [0x7f4426241316]
/home/parallels/Desktop/Downloads/Vivado/2018.3/lib/lnx64.o/Ubuntu/libstdc++.so.6(+0x8e361) [0x7f4426241361]
/home/parallels/Desktop/Downloads/Vivado/2018.3/lib/lnx64.o/librdi_power.so(+0x28ff33) [0x7f43f57a8f33]
/home/parallels/Desktop/Downloads/Vivado/2018.3/lib/lnx64.o/librdi_power.so(+0x28ff59) [0x7f43f57a8f59]
/home/parallels/Desktop/Downloads/Vivado/2018.3/lib/lnx64.o/librdi_power.so(HAPWRNetlistMgr::~HAPWRNetlistMgr()+0x7b5) [0x7f43f5823785]
/home/parallels/Desktop/Downloads/Vivado/2018.3/lib/lnx64.o/librdi_power.so(HAPWRVirtex7NetlistMgr::~HAPWRVirtex7NetlistMgr()+0x9) [0x7f43f5a3a499]
/home/parallels/Desktop/Downloads/Vivado/2018.3/lib/lnx64.o/librdi_power.so(HAPWRMgr::~HAPWRMgr()+0x18e) [0x7f43f580099e]
/home/parallels/Desktop/Downloads/Vivado/2018.3/lib/lnx64.o/librdi_power.so(+0x2f1295) [0x7f43f580a295]
/home/parallels/Desktop/Downloads/Vivado/2018.3/lib/lnx64.o/librdi_power.so(+0x2f1451) [0x7f43f580a451]
/lib/x86_64-linux-gnu/libc.so.6(+0x39ff8) [0x7f4425c0cff8]
/lib/x86_64-linux-gnu/libc.so.6(+0x3a045) [0x7f4425c0d045]
/home/parallels/Desktop/Downloads/Vivado/2018.3/lib/lnx64.o/librdi_common.so(+0xa9c6b8) [0x7f44271da6b8]
/home/parallels/Desktop/Downloads/Vivado/2018.3/lib/lnx64.o/librdi_common.so(MMalloc+0x4d) [0x7f44271da70d]
/home/parallels/Desktop/Downloads/Vivado/2018.3/lib/lnx64.o/librdi_common.so(cuddInitCache+0x3c) [0x7f44271aeefc]
/home/parallels/Desktop/Downloads/Vivado/2018.3/lib/lnx64.o/librdi_common.so(Cudd_Init+0x78) [0x7f44271ff3a8]
/home/parallels/Desktop/Downloads/Vivado/2018.3/lib/lnx64.o/librdi_common.so(Cudd::Cudd(unsigned int, unsigned int, unsigned int, unsigned int, unsigned long)+0x47) [0x7f44271cf717]
/home/parallels/Desktop/Downloads/Vivado/2018.3/lib/lnx64.o/librdi_power.so(HAPWRGlitchAnal::getOrCreateBddMgr()+0x40) [0x7f43f57ce710]
/home/parallels/Desktop/Downloads/Vivado/2018.3/lib/lnx64.o/librdi_power.so(HAPWRGlitchAnal::computeTransitionDensity(HAPWRNet*, HAPWRLUT*, double)+0x74) [0x7f43f57d02a4]
/home/parallels/Desktop/Downloads/Vivado/2018.3/lib/lnx64.o/librdi_power.so(HAPWRGlitchAnal::propagateGlitches2(HSTVector<HSTPtrHashSet<HAPWRBel>, std::allocator<HSTPtrHashSet<HAPWRBel> > > const&)+0x486) [0x7f43f57d0ef6]
/home/parallels/Desktop/Downloads/Vivado/2018.3/lib/lnx64.o/librdi_power.so(HAPWRGlitchAnal::analyzeGlitch(HDGUIStatus*, HSTVector<HSTPtrHashSet<HAPWRBel>, std::allocator<HSTPtrHashSet<HAPWRBel> > > const&)+0x389) [0x7f43f57d48f9]
/home/parallels/Desktop/Downloads/Vivado/2018.3/lib/lnx64.o/librdi_power.so(HAPWRVectorLessEngine::propagateGlitchActivity(HDGUIStatus*)+0x33) [0x7f43f58d23c3]
/home/parallels/Desktop/Downloads/Vivado/2018.3/lib/lnx64.o/librdi_power.so(HAPWRVectorLessEngine::doVectorless(HDGUIStatus*)+0x7eb) [0x7f43f58d30fb]
/home/parallels/Desktop/Downloads/Vivado/2018.3/lib/lnx64.o/librdi_power.so(HAPWRFlowMgr::propagateActivity()+0x26d) [0x7f43f579fbed]
/home/parallels/Desktop/Downloads/Vivado/2018.3/lib/lnx64.o/librdi_power.so(HAPWRFlowMgr::launchStateMachine(std::__cxx11::basic_string<char, std::char_traits<char>, std::allocator<char> >&, std::__cxx11::basic_string<char, std::char_traits<char>, std::allocator<char> >&, HAPWRFlowMgr::PA_State, bool, bool, bool, HDGUIStatus*)+0x5a1) [0x7f43f57a5551]
/home/parallels/Desktop/Downloads/Vivado/2018.3/lib/lnx64.o/librdi_power.so(HAPWRMgr::reportPower(HFLFloorplan*, std::__cxx11::basic_string<char, std::char_traits<char>, std::allocator<char> >&, std::__cxx11::basic_string<char, std::char_traits<char>, std::allocator<char> >&, std::__cxx11::basic_string<char, std::char_traits<char>, std::allocator<char> >&, std::ostream&, bool, int, bool, bool, bool, bool, bool, bool, bool, bool, bool, bool, int, HASCNameObjects const&, HDGUIStatus*, bool&, std::__cxx11::basic_string<char, std::char_traits<char>, std::allocator<char> >)+0x1d9) [0x7f43f5809199]
/home/parallels/Desktop/Downloads/Vivado/2018.3/lib/lnx64.o/librdi_tcltasks.so(+0x18bd44d) [0x7f4418fe844d]
/home/parallels/Desktop/Downloads/Vivado/2018.3/lib/lnx64.o/librdi_common.so(+0x7ef352) [0x7f4426f2d352]
/home/parallels/Desktop/Downloads/Vivado/2018.3/lib/lnx64.o/libtcl8.5.so(+0x334af) [0x7f44211294af]
/home/parallels/Desktop/Downloads/Vivado/2018.3/lib/lnx64.o/libtcl8.5.so(+0x76875) [0x7f442116c875]
/home/parallels/Desktop/Downloads/Vivado/2018.3/lib/lnx64.o/libtcl8.5.so(+0x7e029) [0x7f4421174029]
/home/parallels/Desktop/Downloads/Vivado/2018.3/lib/lnx64.o/libtcl8.5.so(TclEvalObjEx+0x76) [0x7f442112b156]
/home/parallels/Desktop/Downloads/Vivado/2018.3/lib/lnx64.o/librdi_commontasks.so(+0x1d9887) [0x7f441b8c5887]
/home/parallels/Desktop/Downloads/Vivado/2018.3/lib/lnx64.o/libtcl8.5.so(+0x334af) [0x7f44211294af]
/home/parallels/Desktop/Downloads/Vivado/2018.3/lib/lnx64.o/libtcl8.5.so(+0x34b38) [0x7f442112ab38]
/home/parallels/Desktop/Downloads/Vivado/2018.3/lib/lnx64.o/libtcl8.5.so(Tcl_EvalEx+0x13) [0x7f442112b0a3]
/home/parallels/Desktop/Downloads/Vivado/2018.3/lib/lnx64.o/libtcl8.5.so(TclEvalObjEx+0x3cf) [0x7f442112b4af]
/home/parallels/Desktop/Downloads/Vivado/2018.3/lib/lnx64.o/libtcl8.5.so(+0x3b31b) [0x7f442113131b]
/home/parallels/Desktop/Downloads/Vivado/2018.3/lib/lnx64.o/libtcl8.5.so(+0x334af) [0x7f44211294af]
/home/parallels/Desktop/Downloads/Vivado/2018.3/lib/lnx64.o/libtcl8.5.so(+0x76875) [0x7f442116c875]
/home/parallels/Desktop/Downloads/Vivado/2018.3/lib/lnx64.o/libtcl8.5.so(TclObjInterpProcCore+0x420) [0x7f44211addf0]
/home/parallels/Desktop/Downloads/Vivado/2018.3/lib/lnx64.o/libtcl8.5.so(+0x334af) [0x7f44211294af]
/home/parallels/Desktop/Downloads/Vivado/2018.3/lib/lnx64.o/libtcl8.5.so(+0x76875) [0x7f442116c875]
/home/parallels/Desktop/Downloads/Vivado/2018.3/lib/lnx64.o/libtcl8.5.so(+0x7e029) [0x7f4421174029]
/home/parallels/Desktop/Downloads/Vivado/2018.3/lib/lnx64.o/libtcl8.5.so(TclEvalObjEx+0x76) [0x7f442112b156]
/home/parallels/Desktop/Downloads/Vivado/2018.3/lib/lnx64.o/librdi_commontasks.so(+0x1d9924) [0x7f441b8c5924]
/home/parallels/Desktop/Downloads/Vivado/2018.3/lib/lnx64.o/libtcl8.5.so(+0x334af) [0x7f44211294af]
/home/parallels/Desktop/Downloads/Vivado/2018.3/lib/lnx64.o/libtcl8.5.so(+0x34b38) [0x7f442112ab38]
/home/parallels/Desktop/Downloads/Vivado/2018.3/lib/lnx64.o/libtcl8.5.so(+0xad486) [0x7f44211a3486]
/home/parallels/Desktop/Downloads/Vivado/2018.3/lib/lnx64.o/libtcl8.5.so(+0x346c5) [0x7f442112a6c5]
/home/parallels/Desktop/Downloads/Vivado/2018.3/lib/lnx64.o/libtcl8.5.so(Tcl_EvalEx+0x13) [0x7f442112b0a3]
/home/parallels/Desktop/Downloads/Vivado/2018.3/lib/lnx64.o/libtcl8.5.so(Tcl_FSEvalFileEx+0x1da) [0x7f442118fc5a]
/home/parallels/Desktop/Downloads/Vivado/2018.3/lib/lnx64.o/librdi_commontasks.so(+0x1f6abd) [0x7f441b8e2abd]
/home/parallels/Desktop/Downloads/Vivado/2018.3/lib/lnx64.o/librdi_common.so(+0x7ef352) [0x7f4426f2d352]
/home/parallels/Desktop/Downloads/Vivado/2018.3/lib/lnx64.o/libtcl8.5.so(+0x334af) [0x7f44211294af]
/home/parallels/Desktop/Downloads/Vivado/2018.3/lib/lnx64.o/libtcl8.5.so(Tcl_EvalObjv+0x32) [0x7f44211295e2]
/home/parallels/Desktop/Downloads/Vivado/2018.3/lib/lnx64.o/libtcl8.5.so(TclEvalObjEx+0x322) [0x7f442112b402]
/home/parallels/Desktop/Downloads/Vivado/2018.3/lib/lnx64.o/librdi_commontasks.so(+0x2280ff) [0x7f441b9140ff]
/home/parallels/Desktop/Downloads/Vivado/2018.3/lib/lnx64.o/librdi_commontasks.so(+0x2297ce) [0x7f441b9157ce]
/home/parallels/Desktop/Downloads/Vivado/2018.3/lib/lnx64.o/librdi_common.so(+0x7ef352) [0x7f4426f2d352]
/home/parallels/Desktop/Downloads/Vivado/2018.3/lib/lnx64.o/libtcl8.5.so(+0x334af) [0x7f44211294af]
/home/parallels/Desktop/Downloads/Vivado/2018.3/lib/lnx64.o/libtcl8.5.so(Tcl_EvalObjv+0x32) [0x7f44211295e2]
/home/parallels/Desktop/Downloads/Vivado/2018.3/lib/lnx64.o/libtcl8.5.so(TclEvalObjEx+0x322) [0x7f442112b402]
/home/parallels/Desktop/Downloads/Vivado/2018.3/lib/lnx64.o/librdi_commonmain.so(+0x7414) [0x7f442653a414]
/home/parallels/Desktop/Downloads/Vivado/2018.3/lib/lnx64.o/libtcl8.5.so(Tcl_Main+0x1d0) [0x7f4421196210]
/home/parallels/Desktop/Downloads/Vivado/2018.3/lib/lnx64.o/librdi_common.so(+0x83363b) [0x7f4426f7163b]
/lib/x86_64-linux-gnu/libpthread.so.0(+0x76ba) [0x7f44259bd6ba]
/lib/x86_64-linux-gnu/libc.so.6(clone+0x6d) [0x7f4425cda41d]
